<?xml version="1.0" encoding="UTF-8"?>
<testng-results ignored="0" total="1" passed="1" failed="0" skipped="0">
  <reporter-output>
  </reporter-output>
  <suite started-at="2024-07-23T12:00:50 IST" name="Default suite" finished-at="2024-07-23T12:01:14 IST" duration-ms="24268">
    <groups>
    </groups>
    <test started-at="2024-07-23T12:00:50 IST" name="Default test" finished-at="2024-07-23T12:01:14 IST" duration-ms="24268">
      <class name="testcase.tc9">
        <test-method signature="test1()[pri:0, instance:testcase.tc9@70e9c95d]" started-at="2024-07-23T12:00:50 IST" name="test1" finished-at="2024-07-23T12:01:14 IST" duration-ms="24227" status="PASS">
          <reporter-output>
          </reporter-output>
        </test-method> <!-- test1 -->
      </class> <!-- testcase.tc9 -->
    </test> <!-- Default test -->
  </suite> <!-- Default suite -->
</testng-results>
